<?xml version="1.0" encoding="UTF-8"?>
<!-- Generated by org.testng.reporters.JUnitXMLReporter -->
<testsuite ignored="6" hostname="DESKTOP-193VCU3" failures="0" tests="1" name="Default test" time="9.629" errors="0" timestamp="2024-01-17T22:43:50 IST">
  <testcase classname="com.domains.automation.metaContentValidation" name="CookiePage" time="4.414"/>
  <testcase classname="com.domains.automation.metaContentValidation" name="AboutPage" time="0.0">
    <ignored/>
  </testcase> <!-- AboutPage -->
  <testcase classname="com.domains.automation.metaContentValidation" name="PrivacyPage" time="0.0">
    <ignored/>
  </testcase> <!-- PrivacyPage -->
  <testcase classname="com.domains.automation.metaContentValidation" name="homePage" time="0.0">
    <ignored/>
  </testcase> <!-- homePage -->
  <testcase classname="com.domains.automation.metaContentValidation" name="ContactPage" time="0.0">
    <ignored/>
  </testcase> <!-- ContactPage -->
  <testcase classname="com.domains.automation.metaContentValidation" name="TermsPage" time="0.0">
    <ignored/>
  </testcase> <!-- TermsPage -->
  <testcase classname="com.domains.automation.metaContentValidation" name="SearchPage" time="0.0">
    <ignored/>
  </testcase> <!-- SearchPage -->
</testsuite> <!-- Default test -->
