<?xml version="1.0" encoding="UTF-8"?>
<testng-results ignored="0" total="1" passed="1" failed="0" skipped="0">
  <reporter-output>
  </reporter-output>
  <suite started-at="2024-01-17T22:43:41 IST" name="Default suite" finished-at="2024-01-17T22:43:50 IST" duration-ms="9629">
    <groups>
    </groups>
    <test started-at="2024-01-17T22:43:41 IST" name="Default test" finished-at="2024-01-17T22:43:50 IST" duration-ms="9629">
      <class name="com.domains.automation.metaContentValidation">
        <test-method is-config="true" signature="testSetup()[pri:0, instance:com.domains.automation.metaContentValidation@2892d68]" started-at="2024-01-17T22:43:42 IST" name="testSetup" finished-at="2024-01-17T22:43:45 IST" duration-ms="3351" status="PASS">
          <reporter-output>
          </reporter-output>
        </test-method> <!-- testSetup -->
        <test-method signature="CookiePage(java.lang.String)[pri:0, instance:com.domains.automation.metaContentValidation@2892d68]" started-at="2024-01-17T22:43:45 IST" name="CookiePage" data-provider="supplier" finished-at="2024-01-17T22:43:50 IST" duration-ms="4414" status="PASS">
          <params>
            <param index="0">
              <value>
                <![CDATA[https://epicareerz.com/]]>
              </value>
            </param>
          </params>
          <reporter-output>
          </reporter-output>
        </test-method> <!-- CookiePage -->
        <test-method is-config="true" signature="tearDown()[pri:0, instance:com.domains.automation.metaContentValidation@2892d68]" started-at="2024-01-17T22:43:50 IST" name="tearDown" finished-at="2024-01-17T22:43:50 IST" duration-ms="543" status="PASS">
          <reporter-output>
          </reporter-output>
        </test-method> <!-- tearDown -->
      </class> <!-- com.domains.automation.metaContentValidation -->
    </test> <!-- Default test -->
  </suite> <!-- Default suite -->
</testng-results>
